 command line:
   ./tb_isim_beh.exe
     -intstyle  ise
     -ipchost  localhost
     -ipcport  51943

Thu Jan 21 13:16:41 2021

Total Line Count : 73

 Elaboration time : 0 sec.

 Estimate current memory usage : 199.582 Meg. 

 Total Signals          : 12
 Total Nets             : 7
 Total Signal Drivers   : 7
 Total Blocks           : 7
 Total Primitive Blocks : 1
 Total Processes        : 6
 Total Traceable Variables  : 0
 Total Scalar Nets and Variables : 7
ntrace select -o on -n /tb/clk 
ntrace select -o on -n /tb/s 
ntrace select -o on -n /tb/r 
ntrace select -o on -n /tb/q 
ntrace select -o on -n /tb/q_bar 
ntrace start 
isimrun 1000 ns 
Simulator is doing circuit initialization process.
Finished circuit initialization process.

 Simulation time 0.078125 sec.

 Estimate current memory usage : 216.49 Meg. 

Thu Jan 21 13:16:46 2021

