 command line:
   ./tb_isim_beh.exe
     -intstyle  ise
     -ipchost  localhost
     -ipcport  52493

Wed Jan 20 15:56:55 2021

Total Line Count : 112

 Elaboration time : 0 sec.

 Estimate current memory usage : 199.332 Meg. 

 Total Signals          : 17
 Total Nets             : 17
 Total Signal Drivers   : 16
 Total Blocks           : 6
 Total Primitive Blocks : 2
 Total Processes        : 20
 Total Traceable Variables  : 25
 Total Scalar Nets and Variables : 166
ntrace select -o on -n /tb/clk 
ntrace select -o on -n /tb/s 
ntrace select -o on -n /tb/r 
ntrace select -o on -n /tb/q 
ntrace select -o on -n /tb/q_bar 
ntrace start 
isimrun 1000 ns 
Simulator is doing circuit initialization process.
Finished circuit initialization process.

 Simulation time 0.0625 sec.

 Estimate current memory usage : 208.994 Meg. 

Wed Jan 20 15:57:28 2021

