 command line:
   ./tb_isim_beh.exe
     -intstyle  ise
     -ipchost  localhost
     -ipcport  54519

Mon Jan 25 00:08:20 2021

Total Line Count : 69

 Elaboration time : 0.015625 sec.

 Estimate current memory usage : 199.328 Meg. 

 Total Signals          : 10
 Total Nets             : 5
 Total Signal Drivers   : 5
 Total Blocks           : 7
 Total Primitive Blocks : 1
 Total Processes        : 3
 Total Traceable Variables  : 0
 Total Scalar Nets and Variables : 5
ntrace select -o on -n /tb/Q 
ntrace select -o on -n /tb/Q_BAR 
ntrace select -o on -n /tb/CLK 
ntrace select -o on -n /tb/J 
ntrace select -o on -n /tb/K 
ntrace start 
isimrun 1000 ns 
Simulator is doing circuit initialization process.
Finished circuit initialization process.

 Simulation time 0.09375 sec.

 Estimate current memory usage : 216.236 Meg. 

Mon Jan 25 00:08:28 2021

